<?xml version="1.0" encoding="UTF-8"?>
<testsuite xmlns:xsi="http://www.w3.org/2001/XMLSchema-instance" xsi:noNamespaceSchemaLocation="https://maven.apache.org/surefire/maven-surefire-plugin/xsd/surefire-test-report-3.0.xsd" version="3.0" name="org.ensaj.eureka_server.EurekaServerApplicationTests" time="6.058" tests="1" errors="0" skipped="0" failures="0">
  <properties>
[...]
</properties>
  <testcase name="contextLoads" classname="org.ensaj.eureka_server.EurekaServerApplicationTests" time="0.934">
    <system-out><![CDATA[02:53:01.670 [main] INFO org.springframework.test.context.support.AnnotationConfigContextLoaderUtils -- Could not detect default configuration classes for test class [org.ensaj.eureka_server.EurekaServerApplicationTests]: EurekaServerApplicationTests does not declare any static, non-private, non-final, nested classes annotated with @Configuration.
02:53:01.781 [main] INFO org.springframework.boot.test.context.SpringBootTestContextBootstrapper -- Found @SpringBootConfiguration org.ensaj.eureka_server.EurekaServerApplication for test class org.ensaj.eureka_server.EurekaServerApplicationTests

  .   ____          _            __ _ _
 /\\ / ___'_ __ _ _(_)_ __  __ _ \ \ \ \
( ( )\___ | '_ | '_| | '_ \/ _` | \ \ \ \
 \\/  ___)| |_)| | | | | || (_| |  ) ) ) )
  '  |____| .__|_| |_|_| |_\__, | / / / /
 =========|_|==============|___/=/_/_/_/
 :: Spring Boot ::                (v3.2.0)

2023-12-10T02:53:02.453+01:00  INFO 25828 --- [           main] o.e.e.EurekaServerApplicationTests       : Starting EurekaServerApplicationTests using Java 17.0.9 with PID 25828 (started by DELL in E:\hanae_ms\microservices_demo-main\microservices_demo-main\microservices-lab-demo\Eureka_Server)
2023-12-10T02:53:02.455+01:00  INFO 25828 --- [           main] o.e.e.EurekaServerApplicationTests       : No active profile set, falling back to 1 default profile: "default"
2023-12-10T02:53:03.672+01:00  INFO 25828 --- [           main] o.s.cloud.context.scope.GenericScope     : BeanFactory id=9bb4bdbb-410f-37e5-beb4-ebe90f8a3706
2023-12-10T02:53:05.318+01:00  WARN 25828 --- [           main] iguration$LoadBalancerCaffeineWarnLogger : Spring Cloud LoadBalancer is currently working with the default cache. While this cache implementation is useful for development and tests, it's recommended to use Caffeine cache in production.You can switch to using Caffeine cache, by adding it and org.springframework.cache.caffeine.CaffeineCacheManager to the classpath.
2023-12-10T02:53:05.587+01:00  INFO 25828 --- [           main] o.s.c.n.eureka.InstanceInfoFactory       : Setting initial instance status as: STARTING
2023-12-10T02:53:05.633+01:00  INFO 25828 --- [           main] com.netflix.discovery.DiscoveryClient    : Initializing Eureka in region us-east-1
2023-12-10T02:53:05.635+01:00  INFO 25828 --- [           main] com.netflix.discovery.DiscoveryClient    : Client configured to neither register nor query for data.
2023-12-10T02:53:05.645+01:00  INFO 25828 --- [           main] com.netflix.discovery.DiscoveryClient    : Discovery Client initialized at timestamp 1702173185644 with initial instances count: 0
2023-12-10T02:53:05.693+01:00  INFO 25828 --- [           main] c.n.eureka.DefaultEurekaServerContext    : Initializing ...
2023-12-10T02:53:05.695+01:00  INFO 25828 --- [           main] c.n.eureka.cluster.PeerEurekaNodes       : Adding new peer nodes [http://localhost:8761/eureka/]
2023-12-10T02:53:05.980+01:00  INFO 25828 --- [           main] c.n.d.provider.DiscoveryJerseyProvider   : Using JSON encoding codec LegacyJacksonJson
2023-12-10T02:53:05.980+01:00  INFO 25828 --- [           main] c.n.d.provider.DiscoveryJerseyProvider   : Using JSON decoding codec LegacyJacksonJson
2023-12-10T02:53:05.980+01:00  INFO 25828 --- [           main] c.n.d.provider.DiscoveryJerseyProvider   : Using XML encoding codec XStreamXml
2023-12-10T02:53:05.980+01:00  INFO 25828 --- [           main] c.n.d.provider.DiscoveryJerseyProvider   : Using XML decoding codec XStreamXml
2023-12-10T02:53:06.162+01:00  INFO 25828 --- [           main] c.n.eureka.cluster.PeerEurekaNodes       : Replica node URL:  http://localhost:8761/eureka/
2023-12-10T02:53:06.171+01:00  INFO 25828 --- [           main] c.n.e.registry.AbstractInstanceRegistry  : Finished initializing remote region registries. All known remote regions: []
2023-12-10T02:53:06.172+01:00  INFO 25828 --- [           main] c.n.eureka.DefaultEurekaServerContext    : Initialized
2023-12-10T02:53:06.270+01:00  INFO 25828 --- [           main] o.s.b.a.e.web.EndpointLinksResolver      : Exposing 1 endpoint(s) beneath base path '/actuator'
2023-12-10T02:53:06.340+01:00  INFO 25828 --- [           main] o.s.c.n.e.s.EurekaServiceRegistry        : Registering application UNKNOWN with eureka with status UP
2023-12-10T02:53:06.357+01:00  INFO 25828 --- [      Thread-10] o.s.c.n.e.server.EurekaServerBootstrap   : isAws returned false
2023-12-10T02:53:06.357+01:00  INFO 25828 --- [      Thread-10] o.s.c.n.e.server.EurekaServerBootstrap   : Initialized server context
2023-12-10T02:53:06.358+01:00  INFO 25828 --- [      Thread-10] c.n.e.r.PeerAwareInstanceRegistryImpl    : Got 1 instances from neighboring DS node
2023-12-10T02:53:06.358+01:00  INFO 25828 --- [      Thread-10] c.n.e.r.PeerAwareInstanceRegistryImpl    : Renew threshold is: 1
2023-12-10T02:53:06.358+01:00  INFO 25828 --- [      Thread-10] c.n.e.r.PeerAwareInstanceRegistryImpl    : Changing status to UP
2023-12-10T02:53:06.362+01:00  INFO 25828 --- [           main] o.e.e.EurekaServerApplicationTests       : Started EurekaServerApplicationTests in 4.377 seconds (process running for 5.868)
2023-12-10T02:53:06.369+01:00  INFO 25828 --- [      Thread-10] e.s.EurekaServerInitializerConfiguration : Started Eureka Server
]]></system-out>
  </testcase>
</testsuite>