<?xml version="1.0" encoding="UTF-8"?>
<testsuite xmlns:xsi="http://www.w3.org/2001/XMLSchema-instance" xsi:noNamespaceSchemaLocation="https://maven.apache.org/surefire/maven-surefire-plugin/xsd/surefire-test-report-3.0.xsd" version="3.0" name="org.ensaj.gateway.GatewayApplicationTests" time="6.389" tests="1" errors="0" skipped="0" failures="0">
  <properties>
[...]
</properties>
  <testcase name="contextLoads" classname="org.ensaj.gateway.GatewayApplicationTests" time="1.096">
    <system-out><![CDATA[02:55:18.543 [main] INFO org.springframework.test.context.support.AnnotationConfigContextLoaderUtils -- Could not detect default configuration classes for test class [org.ensaj.gateway.GatewayApplicationTests]: GatewayApplicationTests does not declare any static, non-private, non-final, nested classes annotated with @Configuration.
02:55:18.635 [main] INFO org.springframework.boot.test.context.SpringBootTestContextBootstrapper -- Found @SpringBootConfiguration org.ensaj.gateway.GatewayApplication for test class org.ensaj.gateway.GatewayApplicationTests

  .   ____          _            __ _ _
 /\\ / ___'_ __ _ _(_)_ __  __ _ \ \ \ \
( ( )\___ | '_ | '_| | '_ \/ _` | \ \ \ \
 \\/  ___)| |_)| | | | | || (_| |  ) ) ) )
  '  |____| .__|_| |_|_| |_\__, | / / / /
 =========|_|==============|___/=/_/_/_/
 :: Spring Boot ::                (v3.2.0)

2023-12-10T02:55:19.159+01:00  INFO 4920 --- [Gateway] [           main] o.ensaj.gateway.GatewayApplicationTests  : Starting GatewayApplicationTests using Java 17.0.9 with PID 4920 (started by DELL in E:\hanae_ms\microservices_demo-main\microservices_demo-main\microservices-lab-demo\Gateway)
2023-12-10T02:55:19.160+01:00  INFO 4920 --- [Gateway] [           main] o.ensaj.gateway.GatewayApplicationTests  : No active profile set, falling back to 1 default profile: "default"
2023-12-10T02:55:20.283+01:00  INFO 4920 --- [Gateway] [           main] o.s.cloud.context.scope.GenericScope     : BeanFactory id=2fad8b5c-996f-395c-b2c2-95a29629eb56
2023-12-10T02:55:20.399+01:00  WARN 4920 --- [Gateway] [           main] trationDelegate$BeanPostProcessorChecker : Bean 'org.springframework.cloud.client.loadbalancer.reactive.LoadBalancerBeanPostProcessorAutoConfiguration' of type [org.springframework.cloud.client.loadbalancer.reactive.LoadBalancerBeanPostProcessorAutoConfiguration] is not eligible for getting processed by all BeanPostProcessors (for example: not eligible for auto-proxying). The currently created BeanPostProcessor [loadBalancerWebClientBuilderBeanPostProcessor] is declared through a non-static factory method on that class; consider declaring it as static instead.
2023-12-10T02:55:20.401+01:00  WARN 4920 --- [Gateway] [           main] trationDelegate$BeanPostProcessorChecker : Bean 'org.springframework.cloud.client.loadbalancer.reactive.LoadBalancerBeanPostProcessorAutoConfiguration$ReactorDeferringLoadBalancerFilterConfig' of type [org.springframework.cloud.client.loadbalancer.reactive.LoadBalancerBeanPostProcessorAutoConfiguration$ReactorDeferringLoadBalancerFilterConfig] is not eligible for getting processed by all BeanPostProcessors (for example: not eligible for auto-proxying). Is this bean getting eagerly injected into a currently created BeanPostProcessor [loadBalancerWebClientBuilderBeanPostProcessor]? Check the corresponding BeanPostProcessor declaration and its dependencies.
2023-12-10T02:55:20.403+01:00  WARN 4920 --- [Gateway] [           main] trationDelegate$BeanPostProcessorChecker : Bean 'reactorDeferringLoadBalancerExchangeFilterFunction' of type [org.springframework.cloud.client.loadbalancer.reactive.DeferringLoadBalancerExchangeFilterFunction] is not eligible for getting processed by all BeanPostProcessors (for example: not eligible for auto-proxying). Is this bean getting eagerly injected into a currently created BeanPostProcessor [loadBalancerWebClientBuilderBeanPostProcessor]? Check the corresponding BeanPostProcessor declaration and its dependencies.
2023-12-10T02:55:21.696+01:00  INFO 4920 --- [Gateway] [           main] o.s.c.g.r.RouteDefinitionRouteLocator    : Loaded RoutePredicateFactory [After]
2023-12-10T02:55:21.696+01:00  INFO 4920 --- [Gateway] [           main] o.s.c.g.r.RouteDefinitionRouteLocator    : Loaded RoutePredicateFactory [Before]
2023-12-10T02:55:21.697+01:00  INFO 4920 --- [Gateway] [           main] o.s.c.g.r.RouteDefinitionRouteLocator    : Loaded RoutePredicateFactory [Between]
2023-12-10T02:55:21.697+01:00  INFO 4920 --- [Gateway] [           main] o.s.c.g.r.RouteDefinitionRouteLocator    : Loaded RoutePredicateFactory [Cookie]
2023-12-10T02:55:21.697+01:00  INFO 4920 --- [Gateway] [           main] o.s.c.g.r.RouteDefinitionRouteLocator    : Loaded RoutePredicateFactory [Header]
2023-12-10T02:55:21.697+01:00  INFO 4920 --- [Gateway] [           main] o.s.c.g.r.RouteDefinitionRouteLocator    : Loaded RoutePredicateFactory [Host]
2023-12-10T02:55:21.697+01:00  INFO 4920 --- [Gateway] [           main] o.s.c.g.r.RouteDefinitionRouteLocator    : Loaded RoutePredicateFactory [Method]
2023-12-10T02:55:21.697+01:00  INFO 4920 --- [Gateway] [           main] o.s.c.g.r.RouteDefinitionRouteLocator    : Loaded RoutePredicateFactory [Path]
2023-12-10T02:55:21.697+01:00  INFO 4920 --- [Gateway] [           main] o.s.c.g.r.RouteDefinitionRouteLocator    : Loaded RoutePredicateFactory [Query]
2023-12-10T02:55:21.697+01:00  INFO 4920 --- [Gateway] [           main] o.s.c.g.r.RouteDefinitionRouteLocator    : Loaded RoutePredicateFactory [ReadBody]
2023-12-10T02:55:21.698+01:00  INFO 4920 --- [Gateway] [           main] o.s.c.g.r.RouteDefinitionRouteLocator    : Loaded RoutePredicateFactory [RemoteAddr]
2023-12-10T02:55:21.698+01:00  INFO 4920 --- [Gateway] [           main] o.s.c.g.r.RouteDefinitionRouteLocator    : Loaded RoutePredicateFactory [XForwardedRemoteAddr]
2023-12-10T02:55:21.698+01:00  INFO 4920 --- [Gateway] [           main] o.s.c.g.r.RouteDefinitionRouteLocator    : Loaded RoutePredicateFactory [Weight]
2023-12-10T02:55:21.698+01:00  INFO 4920 --- [Gateway] [           main] o.s.c.g.r.RouteDefinitionRouteLocator    : Loaded RoutePredicateFactory [CloudFoundryRouteService]
2023-12-10T02:55:22.156+01:00  INFO 4920 --- [Gateway] [           main] o.s.b.a.e.web.EndpointLinksResolver      : Exposing 1 endpoint(s) beneath base path '/actuator'
2023-12-10T02:55:22.476+01:00  INFO 4920 --- [Gateway] [           main] DiscoveryClientOptionalArgsConfiguration : Eureka HTTP Client uses RestTemplate.
2023-12-10T02:55:22.535+01:00  WARN 4920 --- [Gateway] [           main] iguration$LoadBalancerCaffeineWarnLogger : Spring Cloud LoadBalancer is currently working with the default cache. While this cache implementation is useful for development and tests, it's recommended to use Caffeine cache in production.You can switch to using Caffeine cache, by adding it and org.springframework.cache.caffeine.CaffeineCacheManager to the classpath.
2023-12-10T02:55:22.619+01:00  INFO 4920 --- [Gateway] [           main] o.s.c.n.eureka.InstanceInfoFactory       : Setting initial instance status as: STARTING
2023-12-10T02:55:22.723+01:00  INFO 4920 --- [Gateway] [           main] com.netflix.discovery.DiscoveryClient    : Initializing Eureka in region us-east-1
2023-12-10T02:55:22.733+01:00  INFO 4920 --- [Gateway] [           main] c.n.d.s.r.aws.ConfigClusterResolver      : Resolving eureka endpoints via configuration
2023-12-10T02:55:22.789+01:00  INFO 4920 --- [Gateway] [           main] com.netflix.discovery.DiscoveryClient    : Disable delta property : false
2023-12-10T02:55:22.790+01:00  INFO 4920 --- [Gateway] [           main] com.netflix.discovery.DiscoveryClient    : Single vip registry refresh property : null
2023-12-10T02:55:22.790+01:00  INFO 4920 --- [Gateway] [           main] com.netflix.discovery.DiscoveryClient    : Force full registry fetch : false
2023-12-10T02:55:22.790+01:00  INFO 4920 --- [Gateway] [           main] com.netflix.discovery.DiscoveryClient    : Application is null : false
2023-12-10T02:55:22.790+01:00  INFO 4920 --- [Gateway] [           main] com.netflix.discovery.DiscoveryClient    : Registered Applications size is zero : true
2023-12-10T02:55:22.790+01:00  INFO 4920 --- [Gateway] [           main] com.netflix.discovery.DiscoveryClient    : Application version is -1: true
2023-12-10T02:55:22.791+01:00  INFO 4920 --- [Gateway] [           main] com.netflix.discovery.DiscoveryClient    : Getting all instance registry info from the eureka server
2023-12-10T02:55:23.556+01:00  INFO 4920 --- [Gateway] [           main] com.netflix.discovery.DiscoveryClient    : The response status is 200
2023-12-10T02:55:23.559+01:00  INFO 4920 --- [Gateway] [           main] com.netflix.discovery.DiscoveryClient    : Starting heartbeat executor: renew interval is: 30
2023-12-10T02:55:23.564+01:00  INFO 4920 --- [Gateway] [           main] c.n.discovery.InstanceInfoReplicator     : InstanceInfoReplicator onDemand update allowed rate per min is 4
2023-12-10T02:55:23.571+01:00  INFO 4920 --- [Gateway] [           main] com.netflix.discovery.DiscoveryClient    : Discovery Client initialized at timestamp 1702173323570 with initial instances count: 0
2023-12-10T02:55:23.573+01:00  INFO 4920 --- [Gateway] [           main] o.s.c.n.e.s.EurekaServiceRegistry        : Registering application GATEWAY with eureka with status UP
2023-12-10T02:55:23.574+01:00  INFO 4920 --- [Gateway] [           main] com.netflix.discovery.DiscoveryClient    : Saw local status change event StatusChangeEvent [timestamp=1702173323574, current=UP, previous=STARTING]
2023-12-10T02:55:23.576+01:00  INFO 4920 --- [Gateway] [nfoReplicator-0] com.netflix.discovery.DiscoveryClient    : DiscoveryClient_GATEWAY/Bambi-bam04:Gateway:8889: registering service...
2023-12-10T02:55:23.687+01:00  INFO 4920 --- [Gateway] [           main] o.ensaj.gateway.GatewayApplicationTests  : Started GatewayApplicationTests in 4.912 seconds (process running for 5.837)
2023-12-10T02:55:23.763+01:00  INFO 4920 --- [Gateway] [nfoReplicator-0] com.netflix.discovery.DiscoveryClient    : DiscoveryClient_GATEWAY/Bambi-bam04:Gateway:8889 - registration status: 204
]]></system-out>
  </testcase>
</testsuite>